-encoding
UTF-8
-outxml
-source
1.6
-target
1.6
-classpath
C:\Users\charroux\.m2\repository\antlr\antlr\2.7.6\antlr-2.7.6.jar;C:\Users\charroux\.m2\repository\aopalliance\aopalliance\1.0\aopalliance-1.0.jar;C:\Users\charroux\.m2\repository\cglib\cglib-nodep\2.2.2\cglib-nodep-2.2.2.jar;C:\Users\charroux\.m2\repository\commons-beanutils\commons-beanutils\1.8.0\commons-beanutils-1.8.0.jar;C:\Users\charroux\.m2\repository\commons-codec\commons-codec\1.4\commons-codec-1.4.jar;C:\Users\charroux\.m2\repository\commons-collections\commons-collections\3.1\commons-collections-3.1.jar;C:\Users\charroux\.m2\repository\commons-dbcp\commons-dbcp\1.3\commons-dbcp-1.3.jar;C:\Users\charroux\.m2\repository\commons-digester\commons-digester\2.0\commons-digester-2.0.jar;C:\Users\charroux\.m2\repository\commons-fileupload\commons-fileupload\1.2.1\commons-fileupload-1.2.1.jar;C:\Users\charroux\.m2\repository\commons-io\commons-io\1.0\commons-io-1.0.jar;C:\Users\charroux\.m2\repository\commons-pool\commons-pool\1.5.4\commons-pool-1.5.4.jar;C:\Users\charroux\.m2\repository\dom4j\dom4j\1.6.1\dom4j-1.6.1.jar;C:\Users\charroux\.m2\repository\javassist\javassist\3.12.0.GA\javassist-3.12.0.GA.jar;C:\Users\charroux\.m2\repository\javax\activation\activation\1.1.1\activation-1.1.1.jar;C:\Users\charroux\.m2\repository\javax\el\el-api\1.0\el-api-1.0.jar;C:\Users\charroux\.m2\repository\javax\mail\mail\1.4.1\mail-1.4.1.jar;C:\Users\charroux\.m2\repository\javax\servlet\servlet-api\2.5\servlet-api-2.5.jar;C:\Users\charroux\.m2\repository\javax\servlet\jsp\jsp-api\2.1\jsp-api-2.1.jar;C:\Users\charroux\.m2\repository\javax\servlet\jsp\jstl\jstl-api\1.2\jstl-api-1.2.jar;C:\Users\charroux\.m2\repository\javax\transaction\jta\1.1\jta-1.1.jar;C:\Users\charroux\.m2\repository\javax\validation\validation-api\1.0.0.GA\validation-api-1.0.0.GA.jar;C:\Users\charroux\.m2\repository\joda-time\joda-time\1.6\joda-time-1.6.jar;C:\Users\charroux\.m2\repository\log4j\log4j\1.2.16\log4j-1.2.16.jar;C:\Users\charroux\.m2\repository\net\sf\flexjson\flexjson\2.1\flexjson-2.1.jar;C:\Users\charroux\.m2\repository\org\apache\commons\commons-lang3\3.0.1\commons-lang3-3.0.1.jar;C:\Users\charroux\.m2\repository\org\apache\tiles\tiles-api\2.2.1\tiles-api-2.2.1.jar;C:\Users\charroux\.m2\repository\org\apache\tiles\tiles-core\2.2.1\tiles-core-2.2.1.jar;C:\Users\charroux\.m2\repository\org\apache\tiles\tiles-jsp\2.2.1\tiles-jsp-2.2.1.jar;C:\Users\charroux\.m2\repository\org\apache\tiles\tiles-servlet\2.2.1\tiles-servlet-2.2.1.jar;C:\Users\charroux\.m2\repository\org\apache\tiles\tiles-template\2.2.1\tiles-template-2.2.1.jar;C:\Users\charroux\.m2\repository\org\aspectj\aspectjrt\1.6.12.M2\aspectjrt-1.6.12.M2.jar;C:\Users\charroux\.m2\repository\org\aspectj\aspectjweaver\1.6.12.M2\aspectjweaver-1.6.12.M2.jar;C:\Users\charroux\.m2\repository\org\glassfish\web\jstl-impl\1.2\jstl-impl-1.2.jar;C:\Users\charroux\.m2\repository\org\hibernate\hibernate-commons-annotations\3.2.0.Final\hibernate-commons-annotations-3.2.0.Final.jar;C:\Users\charroux\.m2\repository\org\hibernate\hibernate-core\3.6.8.Final\hibernate-core-3.6.8.Final.jar;C:\Users\charroux\.m2\repository\org\hibernate\hibernate-entitymanager\3.6.8.Final\hibernate-entitymanager-3.6.8.Final.jar;C:\Users\charroux\.m2\repository\org\hibernate\hibernate-validator\4.2.0.Final\hibernate-validator-4.2.0.Final.jar;C:\Users\charroux\.m2\repository\org\hibernate\javax\persistence\hibernate-jpa-2.0-api\1.0.1.Final\hibernate-jpa-2.0-api-1.0.1.Final.jar;C:\Users\charroux\.m2\repository\org\hsqldb\hsqldb\1.8.0.10\hsqldb-1.8.0.10.jar;C:\Users\charroux\.m2\repository\org\slf4j\jcl-over-slf4j\1.6.2\jcl-over-slf4j-1.6.2.jar;C:\Users\charroux\.m2\repository\org\slf4j\slf4j-api\1.6.2\slf4j-api-1.6.2.jar;C:\Users\charroux\.m2\repository\org\slf4j\slf4j-log4j12\1.6.2\slf4j-log4j12-1.6.2.jar;C:\Users\charroux\.m2\repository\org\springframework\spring-aop\3.0.6.RELEASE\spring-aop-3.0.6.RELEASE.jar;C:\Users\charroux\.m2\repository\org\springframework\spring-asm\3.0.6.RELEASE\spring-asm-3.0.6.RELEASE.jar;C:\Users\charroux\.m2\repository\org\springframework\spring-aspects\3.0.6.RELEASE\spring-aspects-3.0.6.RELEASE.jar;C:\Users\charroux\.m2\repository\org\springframework\spring-beans\3.0.6.RELEASE\spring-beans-3.0.6.RELEASE.jar;C:\Users\charroux\.m2\repository\org\springframework\spring-context\3.0.6.RELEASE\spring-context-3.0.6.RELEASE.jar;C:\Users\charroux\.m2\repository\org\springframework\spring-context-support\3.0.6.RELEASE\spring-context-support-3.0.6.RELEASE.jar;C:\Users\charroux\.m2\repository\org\springframework\spring-core\3.0.6.RELEASE\spring-core-3.0.6.RELEASE.jar;C:\Users\charroux\.m2\repository\org\springframework\spring-expression\3.0.6.RELEASE\spring-expression-3.0.6.RELEASE.jar;C:\Users\charroux\.m2\repository\org\springframework\spring-jdbc\3.0.6.RELEASE\spring-jdbc-3.0.6.RELEASE.jar;C:\Users\charroux\.m2\repository\org\springframework\spring-orm\3.0.6.RELEASE\spring-orm-3.0.6.RELEASE.jar;C:\Users\charroux\.m2\repository\org\springframework\spring-tx\3.0.6.RELEASE\spring-tx-3.0.6.RELEASE.jar;C:\Users\charroux\.m2\repository\org\springframework\spring-web\3.0.6.RELEASE\spring-web-3.0.6.RELEASE.jar;C:\Users\charroux\.m2\repository\org\springframework\spring-webmvc\3.0.6.RELEASE\spring-webmvc-3.0.6.RELEASE.jar;C:\Users\charroux\.m2\repository\org\springframework\roo\org.springframework.roo.annotations\1.2.0.RC1\org.springframework.roo.annotations-1.2.0.RC1.jar;C:\Users\charroux\.m2\repository\org\springframework\webflow\spring-js-resources\2.2.1.RELEASE\spring-js-resources-2.2.1.RELEASE.jar;D:\projet\musique\monlabel\target\classes
-aspectpath
C:\Users\charroux\.m2\repository\org\springframework\spring-aspects\3.0.6.RELEASE\spring-aspects-3.0.6.RELEASE.jar
-d
D:\projet\musique\monlabel\target\classes
D:\projet\musique\monlabel\src\main\java\com\ben\monlabel\web\publique\ContributionVersion.java
D:\projet\musique\monlabel\src\main\java\com\ben\monlabel\domain\Commentaire_Roo_JavaBean.aj
D:\projet\musique\monlabel\src\main\java\com\ben\monlabel\domain\MembreDuLabel_Roo_Jpa_Entity.aj
D:\projet\musique\monlabel\src\main\java\com\ben\monlabel\domain\Commentaire_Roo_ToString.aj
D:\projet\musique\monlabel\src\main\java\com\ben\monlabel\domain\MusiqueVersion_Roo_ToString.aj
D:\projet\musique\monlabel\src\main\java\com\ben\monlabel\web\MusiqueController.java
D:\projet\musique\monlabel\src\main\java\com\ben\monlabel\web\ApplicationConversionServiceFactoryBean_Roo_ConversionService.aj
D:\projet\musique\monlabel\src\main\java\com\ben\monlabel\domain\Invite_Roo_JavaBean.aj
D:\projet\musique\monlabel\src\main\java\com\ben\monlabel\domain\ProjetCubase_Roo_ToString.aj
D:\projet\musique\monlabel\src\main\java\com\ben\monlabel\domain\FichierAudio.java
D:\projet\musique\monlabel\src\main\java\com\ben\monlabel\domain\Invite_Roo_Jpa_ActiveRecord.aj
D:\projet\musique\monlabel\src\main\java\com\ben\monlabel\web\MainController.java
D:\projet\musique\monlabel\src\main\java\com\ben\monlabel\domain\MusiqueVersion.java
D:\projet\musique\monlabel\src\main\java\com\ben\monlabel\domain\Contribution.java
D:\projet\musique\monlabel\src\main\java\com\ben\monlabel\domain\MusiqueVersion_Roo_Configurable.aj
D:\projet\musique\monlabel\src\main\java\com\ben\monlabel\domain\Contribution_Roo_ToString.aj
D:\projet\musique\monlabel\src\main\java\com\ben\monlabel\domain\MembreDuLabel_Roo_Configurable.aj
D:\projet\musique\monlabel\src\main\java\com\ben\monlabel\domain\FichierAudio_Roo_Configurable.aj
D:\projet\musique\monlabel\src\main\java\com\ben\monlabel\domain\FichierAudio_Roo_ToString.aj
D:\projet\musique\monlabel\src\main\java\com\ben\monlabel\domain\Invite_Roo_Jpa_Entity.aj
D:\projet\musique\monlabel\src\main\java\com\ben\monlabel\domain\Invite_Roo_ToString.aj
D:\projet\musique\monlabel\src\main\java\com\ben\monlabel\domain\MusiqueVersion_Roo_Jpa_ActiveRecord.aj
D:\projet\musique\monlabel\src\main\java\com\ben\monlabel\domain\Musique_Roo_Configurable.aj
D:\projet\musique\monlabel\src\main\java\com\ben\monlabel\domain\Commentaire_Roo_Configurable.aj
D:\projet\musique\monlabel\src\main\java\com\ben\monlabel\domain\MembreDuLabel_Roo_JavaBean.aj
D:\projet\musique\monlabel\src\main\java\com\ben\monlabel\domain\MusiqueVersion_Roo_Jpa_Entity.aj
D:\projet\musique\monlabel\src\main\java\com\ben\monlabel\domain\Commentaire_Roo_Jpa_Entity.aj
D:\projet\musique\monlabel\src\main\java\com\ben\monlabel\web\publique\Version.java
D:\projet\musique\monlabel\src\main\java\com\ben\monlabel\domain\Contribution_Roo_Configurable.aj
D:\projet\musique\monlabel\src\main\java\com\ben\monlabel\domain\Contribution_Roo_JavaBean.aj
D:\projet\musique\monlabel\src\main\java\com\ben\monlabel\web\MusiqueVersionController_Roo_Controller.aj
D:\projet\musique\monlabel\src\main\java\com\ben\monlabel\web\ProjetCubaseController.java
D:\projet\musique\monlabel\src\main\java\com\ben\monlabel\domain\Etat.java
D:\projet\musique\monlabel\src\main\java\com\ben\monlabel\domain\Contribution_Roo_Jpa_Entity.aj
D:\projet\musique\monlabel\src\main\java\com\ben\monlabel\web\FichierAudioController.java
D:\projet\musique\monlabel\src\main\java\com\ben\monlabel\domain\Musique_Roo_Jpa_Entity.aj
D:\projet\musique\monlabel\src\main\java\com\ben\monlabel\web\publique\VersionsController.java
D:\projet\musique\monlabel\src\main\java\com\ben\monlabel\web\MembreDuLabelController.java
D:\projet\musique\monlabel\src\main\java\com\ben\monlabel\web\ContributionController.java
D:\projet\musique\monlabel\src\main\java\com\ben\monlabel\domain\ProjetCubase.java
D:\projet\musique\monlabel\src\main\java\com\ben\monlabel\web\InviteController.java
D:\projet\musique\monlabel\src\main\java\com\ben\monlabel\domain\MembreDuLabel_Roo_Jpa_ActiveRecord.aj
D:\projet\musique\monlabel\src\main\java\com\ben\monlabel\web\publique\ListeMusiquesController.java
D:\projet\musique\monlabel\src\main\java\com\ben\monlabel\domain\MusiqueVersion_Roo_JavaBean.aj
D:\projet\musique\monlabel\src\main\java\com\ben\monlabel\web\ApplicationConversionServiceFactoryBean.java
D:\projet\musique\monlabel\src\main\java\com\ben\monlabel\domain\Invite_Roo_Configurable.aj
D:\projet\musique\monlabel\src\main\java\com\ben\monlabel\domain\ProjetCubase_Roo_Jpa_ActiveRecord.aj
D:\projet\musique\monlabel\src\main\java\com\ben\monlabel\web\ContributionController_Roo_Controller.aj
D:\projet\musique\monlabel\src\main\java\com\ben\monlabel\domain\Musique.java
D:\projet\musique\monlabel\src\main\java\com\ben\monlabel\web\MusiqueController_Roo_Controller.aj
D:\projet\musique\monlabel\src\main\java\com\ben\monlabel\domain\MembreDuLabel_Roo_ToString.aj
D:\projet\musique\monlabel\src\main\java\com\ben\monlabel\domain\Commentaire_Roo_Jpa_ActiveRecord.aj
D:\projet\musique\monlabel\src\main\java\com\ben\monlabel\domain\Musique_Roo_Jpa_ActiveRecord.aj
D:\projet\musique\monlabel\src\main\java\com\ben\monlabel\domain\TypeContribution.java
D:\projet\musique\monlabel\src\main\java\com\ben\monlabel\domain\Commentaire.java
D:\projet\musique\monlabel\src\main\java\com\ben\monlabel\web\InviteController_Roo_Controller.aj
D:\projet\musique\monlabel\src\main\java\com\ben\monlabel\domain\ProjetCubase_Roo_Configurable.aj
D:\projet\musique\monlabel\src\main\java\com\ben\monlabel\domain\ProjetCubase_Roo_Jpa_Entity.aj
D:\projet\musique\monlabel\src\main\java\com\ben\monlabel\domain\Musique_Roo_ToString.aj
D:\projet\musique\monlabel\src\main\java\com\ben\monlabel\domain\FichierAudio_Roo_JavaBean.aj
D:\projet\musique\monlabel\src\main\java\com\ben\monlabel\domain\Diffusion.java
D:\projet\musique\monlabel\src\main\java\com\ben\monlabel\web\ProjetCubaseController_Roo_Controller.aj
D:\projet\musique\monlabel\src\main\java\com\ben\monlabel\web\MusiqueVersionController.java
D:\projet\musique\monlabel\src\main\java\com\ben\monlabel\domain\Musique_Roo_JavaBean.aj
D:\projet\musique\monlabel\src\main\java\com\ben\monlabel\web\FichierAudioController_Roo_Controller.aj
D:\projet\musique\monlabel\src\main\java\com\ben\monlabel\domain\Invite.java
D:\projet\musique\monlabel\src\main\java\com\ben\monlabel\web\publique\MPeg3.java
D:\projet\musique\monlabel\src\main\java\com\ben\monlabel\domain\TypeAudio.java
D:\projet\musique\monlabel\src\main\java\com\ben\monlabel\web\publique\CreationMusiqueController.java
D:\projet\musique\monlabel\src\main\java\com\ben\monlabel\domain\FichierAudio_Roo_Jpa_ActiveRecord.aj
D:\projet\musique\monlabel\src\main\java\com\ben\monlabel\web\MembreDuLabelController_Roo_Controller.aj
D:\projet\musique\monlabel\src\main\java\com\ben\monlabel\domain\Contribution_Roo_Jpa_ActiveRecord.aj
D:\projet\musique\monlabel\src\main\java\com\ben\monlabel\domain\MembreDuLabel.java
D:\projet\musique\monlabel\src\main\java\com\ben\monlabel\domain\Finitude.java
D:\projet\musique\monlabel\src\main\java\com\ben\monlabel\domain\FichierAudio_Roo_Jpa_Entity.aj
